<?xml version="1.0" encoding="UTF-8" ?>
<testsuite tests="5" failures="2" name="CucRunner.TestLoginRunner" time="29.439" errors="0" skipped="0">
  <properties>
[...]
</properties>
  <testcase classname="Scenario: To validate login to amazon website as Authenticated User" name="Given User is on Amazon HomePage" time="0.002"/>
  <testcase classname="Scenario: To validate login to amazon website as Authenticated User" name="When user navigates to Login Page" time="0"/>
  <testcase classname="Scenario: To validate login to amazon website as Authenticated User" name="And user enters valid id and password" time="0"/>
  <testcase classname="Scenario: To validate login to amazon website as Authenticated User" name="Then user logs in successfully and get a success message" time="0.007">
    <failure message="expected:&lt;[Amazon Sign In]&gt; but was:&lt;[My Title]&gt;" type="org.junit.ComparisonFailure">org.junit.ComparisonFailure: expected:&lt;[Amazon Sign In]&gt; but was:&lt;[My Title]&gt;
	at org.junit.Assert.assertEquals(Assert.java:115)
	at org.junit.Assert.assertEquals(Assert.java:144)
	at CucStepDef.TestloginStepDef.user_logs_in_successfully_and_get_a_success_message(TestloginStepDef.java:57)
	at ✽.Then user logs in successfully and get a success message(Testlogin.feature:8)
</failure>
  </testcase>
  <testcase classname="Scenario: To validate login to amazon website as Authenticated User" name="Scenario: To validate login to amazon website as Authenticated User" time="0.008">
    <failure message="expected:&lt;[Amazon Sign In]&gt; but was:&lt;[My Title]&gt;" type="org.junit.ComparisonFailure">org.junit.ComparisonFailure: expected:&lt;[Amazon Sign In]&gt; but was:&lt;[My Title]&gt;
	at org.junit.Assert.assertEquals(Assert.java:115)
	at org.junit.Assert.assertEquals(Assert.java:144)
	at CucStepDef.TestloginStepDef.user_logs_in_successfully_and_get_a_success_message(TestloginStepDef.java:57)
	at ✽.Then user logs in successfully and get a success message(Testlogin.feature:8)
</failure>
  </testcase>
</testsuite>